<?xml version="1.0" encoding="UTF-8"?>
<!-- Generated by org.testng.reporters.JUnitReportReporter -->
<testsuite skipped="0" hostname="DESKTOP-7DU7JQS" name="com.vcentry.lab.testCases.CheckOutTest" tests="3" failures="0" timestamp="15 Mar 2023 12:01:36 GMT" time="43.397" errors="0">
  <testcase name="validateCheckoutPage" time="13.137" classname="com.vcentry.lab.testCases.CheckOutTest"/>
  <testcase name="validateCheckoutPage" time="11.721" classname="com.vcentry.lab.testCases.CheckOutTest"/>
  <testcase name="validateCheckoutPage" time="18.539" classname="com.vcentry.lab.testCases.CheckOutTest"/>
</testsuite> <!-- com.vcentry.lab.testCases.CheckOutTest -->
